Tue Jun 14 03:04:21 Saved as file C:\LAB\ASK_3_PAPANIKOLAOU\DESIGN_ASK3.MAX
Tue Jun 14 03:04:21 Saved as file BACKUP1.MAX
Tue Jun 14 03:04:21 Saved as file C:\LAB\ASK_3_PAPANIKOLAOU\DESIGN_ASK3.MAX
Tue Jun 14 03:04:22 UserDiv from Layout.INI for AutoECO: 60
Tue Jun 14 03:04:22 Loaded file C:\LAB\ASK_3_PAPANIKOLAOU\DESIGN_ASK3.MAX
Tue Jun 14 03:04:22 Loaded file C:\ORCADWIN\LAYOUT\LIBRARY\TO.LLB
Tue Jun 14 03:04:22 Loaded file C:\ORCADWIN\LAYOUT\LIBRARY\SOJ.LLB
Tue Jun 14 03:04:22 Loaded file C:\ORCADWIN\LAYOUT\LIBRARY\DIP100T.LLB
Tue Jun 14 03:04:22 Loaded file C:\ORCADWIN\LAYOUT\LIBRARY\DIP100B.LLB
Tue Jun 14 03:04:22 Loaded file C:\ORCADWIN\LAYOUT\LIBRARY\DSUBT.LLB
Tue Jun 14 03:04:22 Loaded file C:\ORCADWIN\LAYOUT\LIBRARY\JUMPER.LLB
Tue Jun 14 03:04:22 Loaded file C:\ORCADWIN\LAYOUT\LIBRARY\SM.LLB
Tue Jun 14 03:04:22 Loaded file C:\ORCADWIN\LAYOUT\LIBRARY\TM_CAP_P.LLB
Tue Jun 14 03:04:22 Loaded file C:\ORCADWIN\LAYOUT\library\sheet05.llb
Tue Jun 14 03:04:22 Loaded file C:\ORCADWIN\LAYOUT\LIBRARY\TO.LLB
Tue Jun 14 03:04:22 Loaded file C:\ORCADWIN\LAYOUT\LIBRARY\SOJ.LLB
Tue Jun 14 03:04:22 Loaded file C:\ORCADWIN\LAYOUT\LIBRARY\DIP100T.LLB
Tue Jun 14 03:04:22 Loaded file C:\ORCADWIN\LAYOUT\LIBRARY\DIP100B.LLB
Tue Jun 14 03:04:22 Loaded file C:\ORCADWIN\LAYOUT\LIBRARY\DSUBT.LLB
Tue Jun 14 03:04:22 Loaded file C:\ORCADWIN\LAYOUT\LIBRARY\JUMPER.LLB
Tue Jun 14 03:04:22 Loaded file C:\ORCADWIN\LAYOUT\LIBRARY\SM.LLB
Tue Jun 14 03:04:22 Loaded file C:\ORCADWIN\LAYOUT\LIBRARY\TM_CAP_P.LLB
Tue Jun 14 03:04:22 Loaded file C:\ORCADWIN\LAYOUT\library\sheet05.llb
Tue Jun 14 03:04:22 Unable to find Alternate Footprint: SOG.050/14/WG.244/L.375
Tue Jun 14 03:04:22 Loaded file C:\ORCADWIN\LAYOUT\LIBRARY\DIP100T.LLB
Tue Jun 14 03:04:22 Loaded file C:\ORCADWIN\LAYOUT\LIBRARY\TO.LLB
Tue Jun 14 03:04:22 Loaded file C:\ORCADWIN\LAYOUT\LIBRARY\SOJ.LLB
Tue Jun 14 03:04:22 Loaded file C:\ORCADWIN\LAYOUT\LIBRARY\DIP100T.LLB
Tue Jun 14 03:04:22 Loaded file C:\ORCADWIN\LAYOUT\LIBRARY\DIP100B.LLB
Tue Jun 14 03:04:22 Loaded file C:\ORCADWIN\LAYOUT\LIBRARY\DSUBT.LLB
Tue Jun 14 03:04:22 Loaded file C:\ORCADWIN\LAYOUT\LIBRARY\JUMPER.LLB
Tue Jun 14 03:04:22 Loaded file C:\ORCADWIN\LAYOUT\LIBRARY\SM.LLB
Tue Jun 14 03:04:22 Loaded file C:\ORCADWIN\LAYOUT\LIBRARY\TM_CAP_P.LLB
Tue Jun 14 03:04:22 Loaded file C:\ORCADWIN\LAYOUT\library\sheet05.llb
Tue Jun 14 03:04:22 Unable to find Alternate Footprint: SOG.050/14/WG.244/L.375
Tue Jun 14 03:04:22 Loaded file C:\ORCADWIN\LAYOUT\LIBRARY\TO.LLB
Tue Jun 14 03:04:22 Loaded file C:\ORCADWIN\LAYOUT\LIBRARY\SOJ.LLB
Tue Jun 14 03:04:22 Loaded file C:\ORCADWIN\LAYOUT\LIBRARY\DIP100T.LLB
Tue Jun 14 03:04:22 Loaded file C:\ORCADWIN\LAYOUT\LIBRARY\DIP100B.LLB
Tue Jun 14 03:04:22 Loaded file C:\ORCADWIN\LAYOUT\LIBRARY\DSUBT.LLB
Tue Jun 14 03:04:22 Loaded file C:\ORCADWIN\LAYOUT\LIBRARY\JUMPER.LLB
Tue Jun 14 03:04:22 Loaded file C:\ORCADWIN\LAYOUT\LIBRARY\SM.LLB
Tue Jun 14 03:04:22 Loaded file C:\ORCADWIN\LAYOUT\LIBRARY\TM_CAP_P.LLB
Tue Jun 14 03:04:22 Loaded file C:\ORCADWIN\LAYOUT\library\sheet05.llb
Tue Jun 14 03:04:22 Unable to find Alternate Footprint: SOG.050/14/WG.244/L.375
Tue Jun 14 03:04:22 Loaded file C:\ORCADWIN\LAYOUT\LIBRARY\TO.LLB
Tue Jun 14 03:04:22 Loaded file C:\ORCADWIN\LAYOUT\LIBRARY\SOJ.LLB
Tue Jun 14 03:04:22 Loaded file C:\ORCADWIN\LAYOUT\LIBRARY\DIP100T.LLB
Tue Jun 14 03:04:22 Loaded file C:\ORCADWIN\LAYOUT\LIBRARY\DIP100B.LLB
Tue Jun 14 03:04:22 Loaded file C:\ORCADWIN\LAYOUT\LIBRARY\DSUBT.LLB
Tue Jun 14 03:04:22 Loaded file C:\ORCADWIN\LAYOUT\LIBRARY\JUMPER.LLB
Tue Jun 14 03:04:22 Loaded file C:\ORCADWIN\LAYOUT\LIBRARY\SM.LLB
Tue Jun 14 03:04:22 Loaded file C:\ORCADWIN\LAYOUT\LIBRARY\TM_CAP_P.LLB
Tue Jun 14 03:04:22 Loaded file C:\ORCADWIN\LAYOUT\library\sheet05.llb
Tue Jun 14 03:04:22 Unable to find Alternate Footprint: SOG.050/14/WG.244/L.375
Tue Jun 14 03:04:22 Loaded file C:\ORCADWIN\LAYOUT\LIBRARY\TO.LLB
Tue Jun 14 03:04:22 Loaded file C:\ORCADWIN\LAYOUT\LIBRARY\SOJ.LLB
Tue Jun 14 03:04:22 Loaded file C:\ORCADWIN\LAYOUT\LIBRARY\DIP100T.LLB
Tue Jun 14 03:04:22 Loaded file C:\ORCADWIN\LAYOUT\LIBRARY\DIP100B.LLB
Tue Jun 14 03:04:22 Loaded file C:\ORCADWIN\LAYOUT\LIBRARY\DSUBT.LLB
Tue Jun 14 03:04:22 Loaded file C:\ORCADWIN\LAYOUT\LIBRARY\JUMPER.LLB
Tue Jun 14 03:04:22 Loaded file C:\ORCADWIN\LAYOUT\LIBRARY\SM.LLB
Tue Jun 14 03:04:22 Loaded file C:\ORCADWIN\LAYOUT\LIBRARY\TM_CAP_P.LLB
Tue Jun 14 03:04:22 Loaded file C:\ORCADWIN\LAYOUT\library\sheet05.llb
Tue Jun 14 03:04:22 Unable to find Alternate Footprint: SOG.050/14/WG.244/L.375
Tue Jun 14 03:04:22 Loaded file C:\ORCADWIN\LAYOUT\LIBRARY\TO.LLB
Tue Jun 14 03:04:22 Loaded file C:\ORCADWIN\LAYOUT\LIBRARY\SOJ.LLB
Tue Jun 14 03:04:22 Loaded file C:\ORCADWIN\LAYOUT\LIBRARY\DIP100T.LLB
Tue Jun 14 03:04:22 Loaded file C:\ORCADWIN\LAYOUT\LIBRARY\DIP100B.LLB
Tue Jun 14 03:04:22 Loaded file C:\ORCADWIN\LAYOUT\LIBRARY\DSUBT.LLB
Tue Jun 14 03:04:22 Loaded file C:\ORCADWIN\LAYOUT\LIBRARY\JUMPER.LLB
Tue Jun 14 03:04:22 Loaded file C:\ORCADWIN\LAYOUT\LIBRARY\SM.LLB
Tue Jun 14 03:04:22 Loaded file C:\ORCADWIN\LAYOUT\LIBRARY\TM_CAP_P.LLB
Tue Jun 14 03:04:22 Loaded file C:\ORCADWIN\LAYOUT\library\sheet05.llb
Tue Jun 14 03:04:22 Unable to find Alternate Footprint: SOG.050/14/WG.244/L.375
Tue Jun 14 03:04:22 Loaded file C:\ORCADWIN\LAYOUT\LIBRARY\TO.LLB
Tue Jun 14 03:04:22 Loaded file C:\ORCADWIN\LAYOUT\LIBRARY\SOJ.LLB
Tue Jun 14 03:04:22 Loaded file C:\ORCADWIN\LAYOUT\LIBRARY\DIP100T.LLB
Tue Jun 14 03:04:22 Loaded file C:\ORCADWIN\LAYOUT\LIBRARY\DIP100B.LLB
Tue Jun 14 03:04:22 Loaded file C:\ORCADWIN\LAYOUT\LIBRARY\DSUBT.LLB
Tue Jun 14 03:04:22 Loaded file C:\ORCADWIN\LAYOUT\LIBRARY\JUMPER.LLB
Tue Jun 14 03:04:22 Loaded file C:\ORCADWIN\LAYOUT\LIBRARY\SM.LLB
Tue Jun 14 03:04:22 Loaded file C:\ORCADWIN\LAYOUT\LIBRARY\TM_CAP_P.LLB
Tue Jun 14 03:04:22 Loaded file C:\ORCADWIN\LAYOUT\library\sheet05.llb
Tue Jun 14 03:04:22 Unable to find Alternate Footprint: SOG.050/14/WG.244/L.375
Tue Jun 14 03:04:22 Loaded file C:\ORCADWIN\LAYOUT\LIBRARY\TO.LLB
Tue Jun 14 03:04:22 Loaded file C:\ORCADWIN\LAYOUT\LIBRARY\SOJ.LLB
Tue Jun 14 03:04:22 Loaded file C:\ORCADWIN\LAYOUT\LIBRARY\DIP100T.LLB
Tue Jun 14 03:04:22 Loaded file C:\ORCADWIN\LAYOUT\LIBRARY\DIP100B.LLB
Tue Jun 14 03:04:22 Loaded file C:\ORCADWIN\LAYOUT\LIBRARY\DSUBT.LLB
Tue Jun 14 03:04:22 Loaded file C:\ORCADWIN\LAYOUT\LIBRARY\JUMPER.LLB
Tue Jun 14 03:04:22 Loaded file C:\ORCADWIN\LAYOUT\LIBRARY\SM.LLB
Tue Jun 14 03:04:22 Loaded file C:\ORCADWIN\LAYOUT\LIBRARY\TM_CAP_P.LLB
Tue Jun 14 03:04:22 Loaded file C:\ORCADWIN\LAYOUT\library\sheet05.llb
Tue Jun 14 03:04:22 Unable to find Alternate Footprint: SOG.050/14/WG.244/L.375
Tue Jun 14 03:04:22 Loaded file C:\ORCADWIN\LAYOUT\LIBRARY\TO.LLB
Tue Jun 14 03:04:22 Loaded file C:\ORCADWIN\LAYOUT\LIBRARY\SOJ.LLB
Tue Jun 14 03:04:22 Loaded file C:\ORCADWIN\LAYOUT\LIBRARY\DIP100T.LLB
Tue Jun 14 03:04:22 Loaded file C:\ORCADWIN\LAYOUT\LIBRARY\DIP100B.LLB
Tue Jun 14 03:04:22 Loaded file C:\ORCADWIN\LAYOUT\LIBRARY\DSUBT.LLB
Tue Jun 14 03:04:22 Loaded file C:\ORCADWIN\LAYOUT\LIBRARY\JUMPER.LLB
Tue Jun 14 03:04:22 Loaded file C:\ORCADWIN\LAYOUT\LIBRARY\SM.LLB
Tue Jun 14 03:04:22 Loaded file C:\ORCADWIN\LAYOUT\LIBRARY\TM_CAP_P.LLB
Tue Jun 14 03:04:22 Loaded file C:\ORCADWIN\LAYOUT\library\sheet05.llb
Tue Jun 14 03:04:22 Unable to find Alternate Footprint: SOG.050/14/WG.244/L.375
Tue Jun 14 03:04:22 Loaded file C:\ORCADWIN\LAYOUT\LIBRARY\TO.LLB
Tue Jun 14 03:04:22 Loaded file C:\ORCADWIN\LAYOUT\LIBRARY\SOJ.LLB
Tue Jun 14 03:04:22 Loaded file C:\ORCADWIN\LAYOUT\LIBRARY\DIP100T.LLB
Tue Jun 14 03:04:22 Loaded file C:\ORCADWIN\LAYOUT\LIBRARY\DIP100B.LLB
Tue Jun 14 03:04:22 Loaded file C:\ORCADWIN\LAYOUT\LIBRARY\DSUBT.LLB
Tue Jun 14 03:04:22 Loaded file C:\ORCADWIN\LAYOUT\LIBRARY\JUMPER.LLB
Tue Jun 14 03:04:22 Loaded file C:\ORCADWIN\LAYOUT\LIBRARY\SM.LLB
Tue Jun 14 03:04:22 Loaded file C:\ORCADWIN\LAYOUT\LIBRARY\TM_CAP_P.LLB
Tue Jun 14 03:04:22 Loaded file C:\ORCADWIN\LAYOUT\library\sheet05.llb
Tue Jun 14 03:04:22 Unable to find Alternate Footprint: SOG.050/14/WG.244/L.375
Tue Jun 14 03:04:22 Loaded file C:\ORCADWIN\LAYOUT\LIBRARY\TO.LLB
Tue Jun 14 03:04:22 Loaded file C:\ORCADWIN\LAYOUT\LIBRARY\SOJ.LLB
Tue Jun 14 03:04:22 Loaded file C:\ORCADWIN\LAYOUT\LIBRARY\DIP100T.LLB
Tue Jun 14 03:04:22 Loaded file C:\ORCADWIN\LAYOUT\LIBRARY\DIP100B.LLB
Tue Jun 14 03:04:22 Loaded file C:\ORCADWIN\LAYOUT\LIBRARY\DSUBT.LLB
Tue Jun 14 03:04:22 Loaded file C:\ORCADWIN\LAYOUT\LIBRARY\JUMPER.LLB
Tue Jun 14 03:04:22 Loaded file C:\ORCADWIN\LAYOUT\LIBRARY\SM.LLB
Tue Jun 14 03:04:22 Loaded file C:\ORCADWIN\LAYOUT\LIBRARY\TM_CAP_P.LLB
Tue Jun 14 03:04:22 Loaded file C:\ORCADWIN\LAYOUT\library\sheet05.llb
Tue Jun 14 03:04:22 Unable to find Alternate Footprint: SOG.050/14/WG.244/L.375
Tue Jun 14 03:04:22 Loaded file C:\ORCADWIN\LAYOUT\LIBRARY\TO.LLB
Tue Jun 14 03:04:22 Loaded file C:\ORCADWIN\LAYOUT\LIBRARY\SOJ.LLB
Tue Jun 14 03:04:22 Loaded file C:\ORCADWIN\LAYOUT\LIBRARY\DIP100T.LLB
Tue Jun 14 03:04:22 Loaded file C:\ORCADWIN\LAYOUT\LIBRARY\DIP100B.LLB
Tue Jun 14 03:04:22 Loaded file C:\ORCADWIN\LAYOUT\LIBRARY\DSUBT.LLB
Tue Jun 14 03:04:22 Loaded file C:\ORCADWIN\LAYOUT\LIBRARY\JUMPER.LLB
Tue Jun 14 03:04:22 Loaded file C:\ORCADWIN\LAYOUT\LIBRARY\SM.LLB
Tue Jun 14 03:04:22 Loaded file C:\ORCADWIN\LAYOUT\LIBRARY\TM_CAP_P.LLB
Tue Jun 14 03:04:22 Loaded file C:\ORCADWIN\LAYOUT\library\sheet05.llb
Tue Jun 14 03:04:22 Unable to find Alternate Footprint: SOG.050/14/WG.244/L.375
Tue Jun 14 03:04:22 Saved as file C:\LAB\ASK_3_PAPANIKOLAOU\DESIGN_ASK3.MAX
Tue Jun 14 03:04:22 Loaded file C:\LAB\ASK_3_PAPANIKOLAOU\DESIGN_ASK3.MAX
Tue Jun 14 03:05:04 Saved as file PLACE1.MAX
Tue Jun 14 03:05:04 Saved as file PLACE2.MAX
Tue Jun 14 03:05:04 Saved as file PLACE3.MAX
Tue Jun 14 03:05:04 Batch place completed in 00:00:00
Tue Jun 14 03:06:44 Saved as file BACKUP1.MAX
Tue Jun 14 03:06:44 Saved as file BACKUP1.MAX
Tue Jun 14 03:06:44 Saved as file BACKUP1.MAX
Tue Jun 14 03:06:44 Saved as file BACKUP1.MAX
Tue Jun 14 03:06:44 Routed 18 connections in 0 seconds.
Tue Jun 14 03:06:44 Total is now 18 out of 43 (41%).
Tue Jun 14 03:06:44 Saved as file SWEEP1.MAX
Tue Jun 14 03:06:45 Saved as file BACKUP1.MAX
Tue Jun 14 03:06:45 Saved as file BACKUP1.MAX
Tue Jun 14 03:06:45 Saved as file BACKUP1.MAX
Tue Jun 14 03:06:45 Saved as file BACKUP1.MAX
Tue Jun 14 03:06:45 Routed 25 connections in 0 seconds.
Tue Jun 14 03:06:45 Total is now 43 out of 43 (100%).
Tue Jun 14 03:06:45 Saved as file SWEEP2.MAX
Tue Jun 14 03:06:45 No new connections routed.
Tue Jun 14 03:06:45 Total is now 43 out of 43 (100%).
Tue Jun 14 03:06:45 Saved as file SWEEP3.MAX
Tue Jun 14 03:06:45 No new connections routed.
Tue Jun 14 03:06:45 Total is now 43 out of 43 (100%).
Tue Jun 14 03:06:45 Saved as file SWEEP4.MAX
Tue Jun 14 03:06:45 No new connections routed.
Tue Jun 14 03:06:45 Total is now 43 out of 43 (100%).
Tue Jun 14 03:06:45 Saved as file SWEEP5.MAX
Tue Jun 14 03:21:36 Saved as file BACKUP1.MAX
Tue Jun 14 03:25:35 Saved as file PLACE1.MAX
Tue Jun 14 03:25:35 Saved as file PLACE2.MAX
Tue Jun 14 03:25:35 Saved as file PLACE3.MAX
Tue Jun 14 03:25:35 Batch place completed in 00:00:00
Tue Jun 14 03:26:54 Saved as file BACKUP1.MAX
Tue Jun 14 03:26:55 Saved as file BACKUP1.MAX
Tue Jun 14 03:26:55 Saved as file BACKUP1.MAX
Tue Jun 14 03:26:55 Saved as file BACKUP1.MAX
Tue Jun 14 03:26:55 Routed 11 connections in 0 seconds.
Tue Jun 14 03:26:55 Total is now 11 out of 43 (25%).
Tue Jun 14 03:26:55 Saved as file SWEEP1.MAX
Tue Jun 14 03:26:57 Saved as file BACKUP1.MAX
Tue Jun 14 03:26:57 Saved as file BACKUP1.MAX
Tue Jun 14 03:26:57 Saved as file BACKUP1.MAX
Tue Jun 14 03:26:57 Saved as file BACKUP1.MAX
Tue Jun 14 03:26:57 Routed 22 connections in 2 seconds.
Tue Jun 14 03:26:57 Total is now 33 out of 43 (76%).
Tue Jun 14 03:26:57 Saved as file SWEEP2.MAX
Tue Jun 14 03:27:01 Routed 4 connections in 4 seconds.
Tue Jun 14 03:27:01 Total is now 37 out of 43 (86%).
Tue Jun 14 03:27:01 Saved as file SWEEP3.MAX
Tue Jun 14 03:27:12 Routed 1 connections in 10 seconds.
Tue Jun 14 03:27:12 Total is now 37 out of 43 (86%).
Tue Jun 14 03:27:12 Saved as file SWEEP4.MAX
Tue Jun 14 03:27:26 No new connections routed.
Tue Jun 14 03:27:26 Total is now 37 out of 43 (86%).
Tue Jun 14 03:27:26 Saved as file SWEEP5.MAX
Tue Jun 14 03:29:17 Saved as file BACKUP1.MAX
Tue Jun 14 03:29:17 Batch place completed in 00:00:00
Tue Jun 14 03:29:23 Saved as file BACKUP1.MAX
Tue Jun 14 03:29:23 Batch place completed in 00:00:00
Tue Jun 14 03:31:24 Saved as file C:\LAB\ASK_3_PAPANIKOLAOU\DESIGN_ASK3_SINGLE.MAX
Tue Jun 14 03:31:40 Loaded file C:\LAB\ASK_3_PAPANIKOLAOU\SWEEP5.MAX
Tue Jun 14 03:31:54 Loaded file C:\LAB\ASK_3_PAPANIKOLAOU\BACKUP3.MAX
Tue Jun 14 03:32:01 Loaded file C:\LAB\ASK_3_PAPANIKOLAOU\BACKUP1.MAX
Tue Jun 14 03:32:08 Loaded file C:\LAB\ASK_3_PAPANIKOLAOU\DESIGN_ASK3.MAX
Tue Jun 14 03:32:22 Saved as file PLACE1.MAX
Tue Jun 14 03:32:22 Saved as file PLACE2.MAX
Tue Jun 14 03:32:22 Saved as file PLACE3.MAX
Tue Jun 14 03:32:22 Batch place completed in 00:00:00
Tue Jun 14 03:32:25 Saved as file BACKUP1.MAX
Tue Jun 14 03:32:25 Saved as file BACKUP1.MAX
Tue Jun 14 03:32:25 Saved as file BACKUP1.MAX
Tue Jun 14 03:32:25 Saved as file BACKUP1.MAX
Tue Jun 14 03:32:25 Routed 17 connections in 0 seconds.
Tue Jun 14 03:32:25 Total is now 17 out of 43 (39%).
Tue Jun 14 03:32:25 Saved as file SWEEP1.MAX
Tue Jun 14 03:32:26 Saved as file BACKUP1.MAX
Tue Jun 14 03:32:26 Saved as file BACKUP1.MAX
Tue Jun 14 03:32:26 Saved as file BACKUP1.MAX
Tue Jun 14 03:32:26 Saved as file BACKUP1.MAX
Tue Jun 14 03:32:26 Routed 26 connections in 0 seconds.
Tue Jun 14 03:32:26 Total is now 43 out of 43 (100%).
Tue Jun 14 03:32:26 Saved as file SWEEP2.MAX
Tue Jun 14 03:32:26 No new connections routed.
Tue Jun 14 03:32:26 Total is now 43 out of 43 (100%).
Tue Jun 14 03:32:26 Saved as file SWEEP3.MAX
Tue Jun 14 03:32:26 No new connections routed.
Tue Jun 14 03:32:26 Total is now 43 out of 43 (100%).
Tue Jun 14 03:32:26 Saved as file SWEEP4.MAX
Tue Jun 14 03:32:26 No new connections routed.
Tue Jun 14 03:32:26 Total is now 43 out of 43 (100%).
Tue Jun 14 03:32:26 Saved as file SWEEP5.MAX
Tue Jun 14 03:32:53 Saved as file C:\LAB\ASK_3_PAPANIKOLAOU\DESIGN_ASK3_DOUBLE.MAX
